This is pdfTeX, Version 3.14159265-2.6-1.40.21 (TeX Live 2020) (preloaded format=pdflatex 2020.12.19)  23 DEC 2020 08:11
entering extended mode
 restricted \write18 enabled.
 %&-line parsing enabled.
**method.tex
(./method.tex
LaTeX2e <2020-10-01> patch level 2
L3 programming layer <2020-12-07> xparse <2020-03-03>
(/home/joao/texlive/2020/texmf-dist/tex/latex/base/article.cls
Document Class: article 2020/04/10 v1.4m Standard LaTeX document class
(/home/joao/texlive/2020/texmf-dist/tex/latex/base/size10.clo
File: size10.clo 2020/04/10 v1.4m Standard LaTeX file (size option)
)
\c@part=\count177
\c@section=\count178
\c@subsection=\count179
\c@subsubsection=\count180
\c@paragraph=\count181
\c@subparagraph=\count182
\c@figure=\count183
\c@table=\count184
\abovecaptionskip=\skip47
\belowcaptionskip=\skip48
\bibindent=\dimen138
)
(/home/joao/texlive/2020/texmf-dist/tex/latex/l3backend/l3backend-pdftex.def
File: l3backend-pdftex.def 2020-09-24 L3 backend support: PDF output (pdfTeX)
\l__kernel_color_stack_int=\count185
\l__pdf_internal_box=\box47
)
(./method.aux)
\openout1 = `method.aux'.

LaTeX Font Info:    Checking defaults for OML/cmm/m/it on input line 9.
LaTeX Font Info:    ... okay on input line 9.
LaTeX Font Info:    Checking defaults for OMS/cmsy/m/n on input line 9.
LaTeX Font Info:    ... okay on input line 9.
LaTeX Font Info:    Checking defaults for OT1/cmr/m/n on input line 9.
LaTeX Font Info:    ... okay on input line 9.
LaTeX Font Info:    Checking defaults for T1/cmr/m/n on input line 9.
LaTeX Font Info:    ... okay on input line 9.
LaTeX Font Info:    Checking defaults for TS1/cmr/m/n on input line 9.
LaTeX Font Info:    ... okay on input line 9.
LaTeX Font Info:    Checking defaults for OMX/cmex/m/n on input line 9.
LaTeX Font Info:    ... okay on input line 9.
LaTeX Font Info:    Checking defaults for U/cmr/m/n on input line 9.
LaTeX Font Info:    ... okay on input line 9.
LaTeX Font Info:    External font `cmex10' loaded for size
(Font)              <12> on input line 11.
LaTeX Font Info:    External font `cmex10' loaded for size
(Font)              <8> on input line 11.
LaTeX Font Info:    External font `cmex10' loaded for size
(Font)              <6> on input line 11.
 [1

{/home/joao/texlive/2020/texmf-var/fonts/map/pdftex/updmap/pdftex.map}] (./meth
od.aux) ) 
Here is how much of TeX's memory you used:
 417 strings out of 479382
 7271 string characters out of 5869354
 277743 words of memory out of 5000000
 17600 multiletter control sequences out of 15000+600000
 408366 words of font info for 43 fonts, out of 8000000 for 9000
 1141 hyphenation exceptions out of 8191
 43i,6n,49p,164b,189s stack positions out of 5000i,500n,10000p,200000b,80000s
{/home/joao/texlive/2020/texmf-dist/fonts/enc/dvips/cm-super/cm-super-
ts1.enc}</home/joao/texlive/2020/texmf-dist/fonts/type1/public/amsfonts/cm/cmbx
10.pfb></home/joao/texlive/2020/texmf-dist/fonts/type1/public/amsfonts/cm/cmbx1
2.pfb></home/joao/texlive/2020/texmf-dist/fonts/type1/public/amsfonts/cm/cmr10.
pfb></home/joao/texlive/2020/texmf-dist/fonts/type1/public/amsfonts/cm/cmr12.pf
b></home/joao/texlive/2020/texmf-dist/fonts/type1/public/amsfonts/cm/cmr17.pfb>
</home/joao/texlive/2020/texmf-dist/fonts/type1/public/amsfonts/cm/cmti10.pfb><
/home/joao/texlive/2020/texmf-dist/fonts/type1/public/cm-super/sfrm1000.pfb>
Output written on method.pdf (1 page, 78628 bytes).
PDF statistics:
 37 PDF objects out of 1000 (max. 8388607)
 26 compressed objects within 1 object stream
 0 named destinations out of 1000 (max. 500000)
 1 words of extra memory for PDF output out of 10000 (max. 10000000)

